
Freescale HC12-Assembler 
(c) Copyright Freescale 1987-2005

 Abs. Rel.   Loc    Obj. code   Source line
 ---- ----   ------ ---------   -----------
    1    1                      ;**************************************************************
    2    2                      ;     ECE 3436 - Lab 5 - Spring 2017
    3    3                      ;     Ethan Hitchcock and Audrey Wang - Lab Group 13A
    4    4                      ; Lower level C Programs written in Assembly
    5    5                      ;**************************************************************
    6    6                      ; export symbols
    7    7                                  XDEF SCI_Init, SCI_InChar, SCI_OutChar
    8    8                      
    9    9                      ;--------------------------------------------------------------
   10   10                      ; include derivative specific macros
   11   11                                  INCLUDE 'mc9s12c32.inc'
 5393   12                      
 5394   13                      ;--------------------------------------------------------------
 5395   14                      RAM:        SECTION
 5396   15                      
 5397   16                      ROM:        SECTION
 5398   17   000000 20          RDRF:            DC.B   $20   ; Receive Data Register Full Bit
 5399   18   000001 80          TDRE:            DC.B   $80   ; Transmit Data Register Empty Bit
 5400   19                      
 5401   20                      ; code section
 5402   21                      MyCode:     SECTION
 5403   22                      ; this assembly routine is called by the C/C++ application
 5404   23                      ;--------------------------------------------------------------
 5405   24   000000 180B 0000   SCI_Init:       movb  #0, SCIBDH
             000004 C8         
 5406   25                                      
 5407   26   000005 8C09 60                     cpd   #2400
 5408   27   000008 2716                        beq   SET_BAUD_2400
 5409   28   00000A 8C12 C0                     cpd   #4800
 5410   29   00000D 2718                        beq   SET_BAUD_4800
 5411   30   00000F 8C25 80                     cpd   #9600
 5412   31   000012 271A                        beq   SET_BAUD_9600
 5413   32   000014 8C4B 00                     cpd   #19200
 5414   33   000017 271C                        beq   SET_BAUD_19200
 5415   34   000019 180B 0100                   movb  #1, SCIBDL
             00001D C9         
 5416   35   00001E 201A                        bra   SET_CR
 5417   36                      SET_BAUD_2400:
 5418   37   000020 180B 6800                   movb  #104, SCIBDL
             000024 C9         
 5419   38   000025 2013                        bra   SET_CR
 5420   39                      SET_BAUD_4800:
 5421   40   000027 180B 3400                   movb  #52, SCIBDL
             00002B C9         
 5422   41   00002C 200C                        bra   SET_CR
 5423   42                      SET_BAUD_9600:  
 5424   43   00002E 180B 1A00                   movb  #26, SCIBDL
             000032 C9         
 5425   44   000033 2005                        bra   SET_CR
 5426   45                      SET_BAUD_19200:
 5427   46   000035 180B 0D00                   movb  #13, SCIBDL
             000039 C9         
 5428   47                      SET_CR:
 5429   48   00003A 180B 0000                   movb  #0, SCICR1
             00003E CA         
 5430   49   00003F 180B 0C00                   movb  #$0C, SCICR2
             000043 CB         
 5431   50   000044 3D                          rts                
 5432   51                                      
 5433   52                      ;--------------------------------------------------------------                
 5434   53                      SCI_InChar:     
 5435   54                      WHILE_0_IN:               
 5436   55   000045 96CC                        ldaa  SCISR1
 5437   56   000047 B4xx xx                     anda  RDRF

Freescale HC12-Assembler 
(c) Copyright Freescale 1987-2005

 Abs. Rel.   Loc    Obj. code   Source line
 ---- ----   ------ ---------   -----------
 5438   57   00004A 8100                        cmpa  #0
 5439   58   00004C 27F7                        beq   WHILE_0_IN
 5440   59   00004E D6CF                        ldab  SCIDRL
 5441   60   000050 3D                          rts
 5442   61                      ;--------------------------------------------------------------
 5443   62                      SCI_OutChar:    
 5444   63   000051 37                          pshb
 5445   64                      WHILE_0_OUT:    
 5446   65   000052 96CC                        ldaa  SCISR1
 5447   66   000054 B4xx xx                     anda  TDRE
 5448   67   000057 8100                        cmpa  #0
 5449   68   000059 27F7                        beq   WHILE_0_OUT
 5450   69   00005B 33                          pulb 
 5451   70   00005C 5BCF                        stab  SCIDRL
 5452   71   00005E 3D                          rts    
