
Freescale HC12-Assembler 
(c) Copyright Freescale 1987-2010

 Abs. Rel.   Loc    Obj. code   Source line
 ---- ----   ------ ---------   -----------
    1    1                      ;**************************************************************
    2    2                      ;     ECE 3436 - Lab 5 - Spring 2017
    3    3                      ;     Ethan Hitchcock and Audrey Wang - Lab Group 13A
    4    4                      ; Lower level C Programs written in Assembly
    5    5                      ;**************************************************************
    6    6                      ; export symbols
    7    7                                  XDEF SCI_Init, SCI_InChar, SCI_OutChar
    8    8                      
    9    9                      ;--------------------------------------------------------------
   10   10                      ; include derivative specific macros
   11   11                                  INCLUDE 'mc9s12c32.inc'
 5454   12                      
 5455   13                      ;--------------------------------------------------------------
 5456   14                      RAM:        SECTION
 5457   15                      
 5458   16                      ROM:        SECTION
 5459   17   000000 20          RDRF:            DC.B   $20   ; Receive Data Register Full Bit
 5460   18   000001 80          TDRE:            DC.B   $80   ; Transmit Data Register Empty Bit
 5461   19                      
 5462   20                      ; code section
 5463   21                      MyCode:     SECTION
 5464   22                      ; this assembly routine is called by the C/C++ application
 5465   23                      ;--------------------------------------------------------------
 5466   24   000000 180B 0000   SCI_Init:       movb  #0, SCIBDH
             000004 C8         
 5467   25                                      
 5468   26   000005 8C09 60                     cpd   #2400
 5469   27   000008 2716                        beq   SET_BAUD_2400
 5470   28   00000A 8C12 C0                     cpd   #4800
 5471   29   00000D 2718                        beq   SET_BAUD_4800
 5472   30   00000F 8C25 80                     cpd   #9600
 5473   31   000012 271A                        beq   SET_BAUD_9600
 5474   32   000014 8C4B 00                     cpd   #19200
 5475   33   000017 271C                        beq   SET_BAUD_19200
 5476   34   000019 180B 0100                   movb  #1, SCIBDL
             00001D C9         
 5477   35   00001E 201A                        bra   SET_CR
 5478   36                      SET_BAUD_2400:
 5479   37   000020 180B 6800                   movb  #104, SCIBDL
             000024 C9         
 5480   38   000025 2013                        bra   SET_CR
 5481   39                      SET_BAUD_4800:
 5482   40   000027 180B 3400                   movb  #52, SCIBDL
             00002B C9         
 5483   41   00002C 200C                        bra   SET_CR
 5484   42                      SET_BAUD_9600:  
 5485   43   00002E 180B 1A00                   movb  #26, SCIBDL
             000032 C9         
 5486   44   000033 2005                        bra   SET_CR
 5487   45                      SET_BAUD_19200:
 5488   46   000035 180B 0D00                   movb  #13, SCIBDL
             000039 C9         
 5489   47                      SET_CR:
 5490   48   00003A 180B 0000                   movb  #0, SCICR1
             00003E CA         
 5491   49   00003F 180B 0C00                   movb  #$0C, SCICR2
             000043 CB         
 5492   50   000044 3D                          rts                
 5493   51                                      
 5494   52                      ;--------------------------------------------------------------                
 5495   53                      SCI_InChar:     
 5496   54                      WHILE_0_IN:               
 5497   55   000045 96CC                        ldaa  SCISR1
 5498   56   000047 B4xx xx                     anda  RDRF

Freescale HC12-Assembler 
(c) Copyright Freescale 1987-2010

 Abs. Rel.   Loc    Obj. code   Source line
 ---- ----   ------ ---------   -----------
 5499   57   00004A 8100                        cmpa  #0
 5500   58   00004C 27F7                        beq   WHILE_0_IN
 5501   59   00004E D6CF                        ldab  SCIDRL
 5502   60   000050 3D                          rts
 5503   61                      ;--------------------------------------------------------------
 5504   62                      SCI_OutChar:    
 5505   63   000051 37                          pshb
 5506   64                      WHILE_0_OUT:    
 5507   65   000052 96CC                        ldaa  SCISR1
 5508   66   000054 B4xx xx                     anda  TDRE
 5509   67   000057 8100                        cmpa  #0
 5510   68   000059 27F7                        beq   WHILE_0_OUT
 5511   69   00005B 33                          pulb 
 5512   70   00005C 5BCF                        stab  SCIDRL
 5513   71   00005E 3D                          rts    
