Lab 1 - ECE 4436
Freescale HC12-Assembler 
(c) Copyright Freescale 1987-2010

 Abs. Rel.   Loc    Obj. code   Source line
 ---- ----   ------ ---------   -----------
    1    1                                  TITLE "Lab 1 - ECE 4436"
    2    2                      
    3    3                      ; Lab 1 - ECE 4436 - Fall 2013
    4    4                      ;
    5    5                      ;    This program fills a table with consecutive integers,
    6    6                      ;     starting with the value in the variable first.
    7    7                      ;     For example, if first contains 5, the table will be:
    8    8                      ;     5 6 7 8 9 10 11 12 13 14
    9    9                      ;
   10   10                      
   11   11                      ; Lab Group 13A 
   12   12                      ; Ethan Hitchcock, Audrey Wang
   13   13                      
   14   14                      ;******************************************
   15   15                      ; External symbol declarations
   16   16                                  XREF    __SEG_END_SSTACK
   17   17                      ;******************************************
   18   18                      ; Internal symbol definitions
   19   19                                  XDEF    Entry, main
   20   20                      ;******************************************
   21   21                      ; Include derivative specific macros
   22   22                                  INCLUDE 'mc9s12c32.inc'
 5465   23                      ;******************************************
 5466   24                      ; Constant equates
 5467   25          0000 000A   TABLEN:     EQU       10     ;length of table
 5468   26                      
 5469   27                      ;******************************************
 5470   28                      ; Code Section Start
 5471   29                      Code:       SECTION
 5472   30                      Entry:
 5473   31                      main:
 5474   32                      ; Initialization
 5475   33                      ; Initialize stack pointer
 5476   34   000000 CFxx xx                 lds      #__SEG_END_SSTACK
 5477   35                      ; Initialize loop data
 5478   36   000003 B6xx xx                 ldaa    first           ;init integer counter           
 5479   37   000006 C60A                    ldab    #TABLEN         ;init counter to # entries      
 5480   38   000008 CExx xx                 ldx     #table          ;init pointer to table start 
 5481   39                      ;                                                               
 5482   40                      ; Loop, filling the table with integers                         
 5483   41                      ;                                                               
 5484   42                      addloop:                                                               
 5485   43   00000B 6A00                    staa    0,x             ;store in table
 5486   44   00000D 42                      inca                    ;increment to next integer                 
 5487   45   00000E 08                      inx                     ;point to next slot in table    
 5488   46   00000F 53                      decb                    ;decrement counter, done?       
 5489   47   000010 26F9                    bne     addloop         ; if not, repeat                
 5490   48                      ; All done                                                                                                     
 5491   49   000012 20FE                    bra     *               ;spin here             
 5492   50                      
 5493   51                      ;******************************************
 5494   52                      ; Constant data in ROM
 5495   53                      Const:      SECTION
 5496   54   000000 08          first:      DC.B    8               ;first integer value
 5497   55                      
 5498   56                      ;******************************************
 5499   57                      ; Variable data in RAM
 5500   58                      Data:       SECTION
 5501   59   000000             table:      DS.B     TABLEN 	    ;to be filled in with integers
 5502   60                      
 5503   61                      
