Lab 3 - ECE 3436
Freescale HC12-Assembler 
(c) Copyright Freescale 1987-2010

 Abs. Rel.   Loc    Obj. code   Source line
 ---- ----   ------ ---------   -----------
    1    1                                  TITLE "Lab 3 - ECE 3436"
    2    2                      
    3    3                      ; Lab 3 - ECE 3436 - Spring 2017
    4    4                      ; Authors: Ethan Hitchcock and Audrey Wang
    5    5                      ; Lab Group 13A
    6    6                      ;   Subroutine: countMatches
    7    7                      ;
    8    8                      ;******************************************
    9    9                      ; External symbol declarations (imported)
   10   10                      
   11   11                      ;******************************************
   12   12                      ; Internal symbol definitions (exported)
   13   13                              XDEF    countMatches
   14   14                              XDEF    reset
   15   15                      
   16   16                      ;******************************************
   17   17                      ; Constant equates
   18   18          0000 001E    MAX_STRING:  EQU 30
   19   19                      ;******************************************
   20   20                      ; Code Section Start
   21   21                      Code:   SECTION
   22   22                      countMatches:
   23   23   000000 C600                ldab  #0
   24   24   000002 7Bxx xx             stab  COUNTER
   25   25                             
   26   26                              
   27   27                       CYCLE:
   28   28   000005 A630                ldaa  1,X+
   29   29   000007 E670                ldab  1,Y+
   30   30                              
   31   31   000009 8100                cmpa  #0            ;EOS, RTS
   32   32   00000B 2719                beq   _EXIT
   33   33   00000D C100                cmpb  #0            
   34   34   00000F 2715                beq   _EXIT
   35   35                                      
   36   36   000011 8120                cmpa  #$20          ;SPACE, SKIP
   37   37   000013 27F0                beq   CYCLE
   38   38   000015 C120                cmpb  #$20
   39   39   000017 27EC                beq   CYCLE
   40   40                              
   41   41   000019 1817                cba                 ;Are they equal
   42   42   00001B 26E8                bne   CYCLE
   43   43   00001D F6xx xx             ldab  COUNTER       ;If yes, increment
   44   44   000020 52                  incb                ;counter
   45   45   000021 7Bxx xx             stab  COUNTER
   46   46   000024 20DF                bra   CYCLE
   47   47                                  
   48   48                       _EXIT: 
   49   49   000026 F6xx xx             ldab  COUNTER       ;load Counter to B
   50   50   000029 3D                  rts                 ;before returning
   51   51                      
   52   52                      reset:
   53   53   00002A C600                ldab  #0
   54   54   00002C 8600                ldaa  #0
   55   55                      LOOP_Reset:        
   56   56   00002E 6A30                staa  1,X+
   57   57   000030 6A70                staa  1,Y+
   58   58   000032 52                  incb
   59   59   000033 C11E                cmpb  #MAX_STRING
   60   60   000035 2702                beq   __EXIT
   61   61   000037 20F5                bra   LOOP_Reset
   62   62                      __EXIT:
   63   63   000039 3D                  rts        
   64   64                              
Lab 3 - ECE 3436
Freescale HC12-Assembler 
(c) Copyright Freescale 1987-2010

 Abs. Rel.   Loc    Obj. code   Source line
 ---- ----   ------ ---------   -----------
   65   65                      ;******************************************
   66   66                      ; Constant data in ROM
   67   67                      Const:  SECTION
   68   68                      
   69   69                      ;******************************************
   70   70                      ; Variable data in RAM
   71   71                      Data:   SECTION
   72   72   000000              COUNTER:     DS.B    1
   73   73                      
   74   74                      
